<?xml version="1.0" encoding="UTF-8"?>
<!-- Generated by org.testng.reporters.JUnitXMLReporter -->
<testsuite ignored="0" hostname="LTIN514045" failures="2" tests="3" name="Test" time="299.635" errors="0" timestamp="2024-06-17T11:33:11 IST">
  <testcase classname="io.cucumber.testng.AbstractTestNGCucumberTests" name="runScenario" time="98.842">
    <failure type="java.lang.NumberFormatException" message="For input string: &amp;quot;₹ 4.99&amp;quot;">
      <![CDATA[java.lang.NumberFormatException: For input string: "₹ 4.99"
at java.base/jdk.internal.math.FloatingDecimal.readJavaFormatString(FloatingDecimal.java:2054)
at java.base/jdk.internal.math.FloatingDecimal.parseDouble(FloatingDecimal.java:110)
at java.base/java.lang.Double.parseDouble(Double.java:651)
at pageObject.UpcomingBikes.bikesLessthanFourLakhs(UpcomingBikes.java:73)
at stepDefinition.UpcomingBikesDefinition.printingUpcomingBikes(UpcomingBikesDefinition.java:47)
at ✽.printing the upcoming bikes with price less than four lakhs(file:///C:/Users/2318906/eclipse-workspace/HandsOnJava/HackathonProject/./Feature/IdentifyNewBikes.feature:7)
]]>
    </failure>
  </testcase> <!-- runScenario -->
  <testcase classname="io.cucumber.testng.AbstractTestNGCucumberTests" name="runScenario" time="98.829"/>
  <testcase classname="io.cucumber.testng.AbstractTestNGCucumberTests" name="runScenario" time="99.464">
    <failure type="org.junit.ComparisonFailure" message="expected:&amp;lt;Couldn[’]t find your Google A...&amp;gt; but was:&amp;lt;Couldn[â€™]t find your Google A...&amp;gt;">
      <![CDATA[org.junit.ComparisonFailure: expected:<Couldn[’]t find your Google A...> but was:<Couldn[â€™]t find your Google A...>
at org.junit.Assert.assertEquals(Assert.java:117)
at org.junit.Assert.assertEquals(Assert.java:146)
at stepDefinition.LoginPageDefinition.printErrorMsg(LoginPageDefinition.java:41)
at ✽.print could not find your google account(file:///C:/Users/2318906/eclipse-workspace/HandsOnJava/HackathonProject/./Feature/IdentifyNewBikes.feature:21)
]]>
    </failure>
  </testcase> <!-- runScenario -->
</testsuite> <!-- Test -->
