<?xml version="1.0" encoding="UTF-8"?>
<testsuite xmlns:xsi="http://www.w3.org/2001/XMLSchema-instance" xsi:noNamespaceSchemaLocation="https://maven.apache.org/surefire/maven-surefire-plugin/xsd/surefire-test-report-3.0.xsd" version="3.0" name="TestSuite" time="228.804" tests="3" errors="0" skipped="0" failures="1">
  <properties>
[...]
</properties>
  <testcase name="runScenario[&quot;UpcomingBikes&quot;, &quot;91 Wheels&quot;](1)" classname="testRunner.TestRunner" time="67.819">
    <system-out><![CDATA[
Scenario: UpcomingBikes                                            &amp#27;[90m# Feature/IdentifyNewBikes.feature:3&amp#27;[0m
  &amp#27;[32mGiven &amp#27;[0m&amp#27;[32mnavigating to webpage&amp#27;[0m                                      &amp#27;[90m# stepDefinition.UpcomingBikesDefinition.navigatingtowebpage()&amp#27;[0m

    Embedding UpcomingBikes [image/png 1100230 bytes]


  &amp#27;[32mWhen &amp#27;[0m&amp#27;[32mclicking on Upcoming Bikes&amp#27;[0m                                  &amp#27;[90m# stepDefinition.UpcomingBikesDefinition.clicking_on_upcoming_bikes()&amp#27;[0m

    Embedding UpcomingBikes [image/png 39018 bytes]

  &amp#27;[32mAnd &amp#27;[0m&amp#27;[32mselecting Honda in the dropdown&amp#27;[0m                              &amp#27;[90m# stepDefinition.UpcomingBikesDefinition.selectingHonda()&amp#27;[0m

    Embedding UpcomingBikes [image/png 612644 bytes]

1 : Honda CBR300R
Expected Price : ₹ 2.00 - ₹ 2.30 Lakh*
Expected Launch Date : August 2024

2 : Honda CRF190L
Expected Price : ₹ 1.98 Lakh*
Expected Launch Date : September 2024

3 : Honda CBR150R
Expected Price : ₹ 1.70 Lakh*
Expected Launch Date : July 2024

4 : Honda NT1100
Expected Price : ₹ 1.70 Lakh*
Expected Launch Date : July 2024

5 : Honda Rebel 300
Expected Price : ₹ 2.30 Lakh*
Expected Launch Date : July 2024

6 : Honda NX200
Expected Price : ₹ 1.20 Lakh*
Expected Launch Date : August 2024

7 : Honda CRF300L
Expected Price : ₹ 3.00 Lakh*
Expected Launch Date : July 2024

8 : Honda Hornet
Expected Price : ₹ 2.50 Lakh*
Expected Launch Date : July 2024

9 : Honda XRE 300
Expected Price : ₹ 3.00 Lakh*
Expected Launch Date : July 2024

10 : Honda CB350 Cafe Racer
Expected Price : ₹ 2.20 - ₹ 2.30 Lakh*
Expected Launch Date : July 2024

11 : Honda CRF300 Rally
Expected Price : ₹ 3.50 Lakh*
Expected Launch Date : August 2024

===============Used Cars In Chennai================

  &amp#27;[32mThen &amp#27;[0m&amp#27;[32mprinting the upcoming bikes with price less than four lakhs&amp#27;[0m &amp#27;[90m# stepDefinition.UpcomingBikesDefinition.printingUpcomingBikes()&amp#27;[0m

    Embedding UpcomingBikes [image/png 671848 bytes]

]]></system-out>
    <system-err><![CDATA[SLF4J: Failed to load class "org.slf4j.impl.StaticLoggerBinder".
SLF4J: Defaulting to no-operation (NOP) logger implementation
SLF4J: See http://www.slf4j.org/codes.html#StaticLoggerBinder for further details.
Jun 18, 2024 12:20:59 PM org.openqa.selenium.devtools.CdpVersionFinder findNearestMatch
WARNING: Unable to find an exact match for CDP version 123, returning the closest version; found: 122; Please update to a Selenium version that supports CDP version 123
]]></system-err>
  </testcase>
  <testcase name="runScenario[&quot;UsedCarsInChennai&quot;, &quot;91 Wheels&quot;](2)" classname="testRunner.TestRunner" time="57.582">
    <system-out><![CDATA[
Scenario: UsedCarsInChennai                  &amp#27;[90m# Feature/IdentifyNewBikes.feature:9&amp#27;[0m
  &amp#27;[32mGiven &amp#27;[0m&amp#27;[32mnavigating to webpage&amp#27;[0m                &amp#27;[90m# stepDefinition.UpcomingBikesDefinition.navigatingtowebpage()&amp#27;[0m

    Embedding UsedCarsInChennai [image/png 1129129 bytes]

  &amp#27;[32mGiven &amp#27;[0m&amp#27;[32mhovering on UsedCars&amp#27;[0m                 &amp#27;[90m# stepDefinition.UsedCarsDefinition.hoveringUsedCars()&amp#27;[0m

    Embedding UsedCarsInChennai [image/png 1002309 bytes]

  &amp#27;[32mAnd &amp#27;[0m&amp#27;[32mclicking used cars in chennai&amp#27;[0m          &amp#27;[90m# stepDefinition.UsedCarsDefinition.clickingUsedcarsChennai()&amp#27;[0m

    Embedding UsedCarsInChennai [image/png 71123 bytes]

  &amp#27;[32mWhen &amp#27;[0m&amp#27;[32mclick read more to get popular models&amp#27;[0m &amp#27;[90m# stepDefinition.UsedCarsDefinition.getPopularModels()&amp#27;[0m

    Embedding UsedCarsInChennai [image/png 180445 bytes]

1: Honda Jazz --> Rs. 4.23 Lakh - 7.89 Lakh
2: Ford Ecosport --> Rs. 5.33 Lakh - 8.99 Lakh
3: Maruti Baleno --> Rs. 5.29 Lakh - 7.59 Lakh
4: Honda Brio --> Rs. 4.03 Lakh - 5.25 Lakh
5: Hyundai NEW I20 --> Rs. 2.86 Lakh - 8.04 Lakh
  &amp#27;[32mThen &amp#27;[0m&amp#27;[32mprint all the popular models&amp#27;[0m          &amp#27;[90m# stepDefinition.UsedCarsDefinition.printPopularModels()&amp#27;[0m

    Embedding UsedCarsInChennai [image/png 180445 bytes]

]]></system-out>
    <system-err><![CDATA[Jun 18, 2024 12:22:05 PM org.openqa.selenium.devtools.CdpVersionFinder findNearestMatch
WARNING: Unable to find an exact match for CDP version 123, returning the closest version; found: 122; Please update to a Selenium version that supports CDP version 123
]]></system-err>
  </testcase>
  <testcase name="runScenario[&quot;IncorrectLogin&quot;, &quot;91 Wheels&quot;](3)" classname="testRunner.TestRunner" time="101.765">
    <failure message="Expected condition failed: waiting for visibility of Proxy element for: DefaultElementLocator &apos;By.xpath: //div[@class=&apos;S9gUrf-YoZ4jf&apos;]&apos; (tried for 10 second(s) with 500 milliseconds interval)" type="org.openqa.selenium.TimeoutException"><![CDATA[org.openqa.selenium.TimeoutException: Expected condition failed: waiting for visibility of Proxy element for: DefaultElementLocator 'By.xpath: //div[@class='S9gUrf-YoZ4jf']' (tried for 10 second(s) with 500 milliseconds interval)
Caused by: org.openqa.selenium.NoSuchElementException: 
no such element: Unable to locate element: {"method":"xpath","selector":"//div[@class='S9gUrf-YoZ4jf']"}
  (Session info: chrome=123.0.6312.59)
For documentation on this error, please visit: https://www.selenium.dev/documentation/webdriver/troubleshooting/errors#no-such-element-exception
Build info: version: '4.18.1', revision: 'b1d3319b48'
System info: os.name: 'Windows 11', os.arch: 'amd64', os.version: '10.0', java.version: '17.0.2'
Driver info: org.openqa.selenium.chrome.ChromeDriver
Command: [746359a493a43fc6df6ffad56a370922, findElement {value=//div[@class='S9gUrf-YoZ4jf'], using=xpath}]
Capabilities {acceptInsecureCerts: false, browserName: chrome, browserVersion: 123.0.6312.59, chrome: {chromedriverVersion: 123.0.6312.122 (31f8248cdd9..., userDataDir: C:\Users\2318906\AppData\Lo...}, fedcm:accounts: true, goog:chromeOptions: {debuggerAddress: localhost:59039}, networkConnectionEnabled: false, pageLoadStrategy: normal, platformName: windows, proxy: Proxy(), se:cdp: ws://localhost:59039/devtoo..., se:cdpVersion: 123.0.6312.59, setWindowRect: true, strictFileInteractability: false, timeouts: {implicit: 0, pageLoad: 300000, script: 30000}, unhandledPromptBehavior: dismiss and notify, webauthn:extension:credBlob: true, webauthn:extension:largeBlob: true, webauthn:extension:minPinLength: true, webauthn:extension:prf: true, webauthn:virtualAuthenticators: true}
Session ID: 746359a493a43fc6df6ffad56a370922
]]></failure>
    <system-out><![CDATA[
Scenario: IncorrectLogin                        &amp#27;[90m# Feature/IdentifyNewBikes.feature:16&amp#27;[0m
  &amp#27;[32mGiven &amp#27;[0m&amp#27;[32mnavigating to webpage&amp#27;[0m                   &amp#27;[90m# stepDefinition.UpcomingBikesDefinition.navigatingtowebpage()&amp#27;[0m

    Embedding IncorrectLogin [image/png 1129129 bytes]

  &amp#27;[32mGiven &amp#27;[0m&amp#27;[32mclick login icon&amp#27;[0m                        &amp#27;[90m# stepDefinition.LoginPageDefinition.clickloginBtn()&amp#27;[0m

    Embedding IncorrectLogin [image/png 1148881 bytes]

  &amp#27;[31mAnd &amp#27;[0m&amp#27;[31msign in with google&amp#27;[0m                       &amp#27;[90m# stepDefinition.LoginPageDefinition.signInWithGoogle()&amp#27;[0m
      &amp#27;[31morg.openqa.selenium.TimeoutException: Expected condition failed: waiting for visibility of Proxy element for: DefaultElementLocator 'By.xpath: //div[@class='S9gUrf-YoZ4jf']' (tried for 10 second(s) with 500 milliseconds interval)
	at org.openqa.selenium.support.ui.WebDriverWait.timeoutException(WebDriverWait.java:84)
	at org.openqa.selenium.support.ui.FluentWait.until(FluentWait.java:228)
	at pageObject.LoginPage.googleSignIn(LoginPage.java:38)
	at stepDefinition.LoginPageDefinition.signInWithGoogle(LoginPageDefinition.java:30)
	at âœ½.sign in with google(file:///C:/Users/2318906/eclipse-workspace/HandsOnJava/HackathonProject/./Feature/IdentifyNewBikes.feature:19)
Caused by: org.openqa.selenium.NoSuchElementException: no such element: Unable to locate element: {"method":"xpath","selector":"//div[@class='S9gUrf-YoZ4jf']"}
  (Session info: chrome=123.0.6312.59)
For documentation on this error, please visit: https://www.selenium.dev/documentation/webdriver/troubleshooting/errors#no-such-element-exception
Build info: version: '4.18.1', revision: 'b1d3319b48'
System info: os.name: 'Windows 11', os.arch: 'amd64', os.version: '10.0', java.version: '17.0.2'
Driver info: org.openqa.selenium.chrome.ChromeDriver
Command: [746359a493a43fc6df6ffad56a370922, findElement {value=//div[@class='S9gUrf-YoZ4jf'], using=xpath}]
Capabilities {acceptInsecureCerts: false, browserName: chrome, browserVersion: 123.0.6312.59, chrome: {chromedriverVersion: 123.0.6312.122 (31f8248cdd9..., userDataDir: C:\Users\2318906\AppData\Lo...}, fedcm:accounts: true, goog:chromeOptions: {debuggerAddress: localhost:59039}, networkConnectionEnabled: false, pageLoadStrategy: normal, platformName: windows, proxy: Proxy(), se:cdp: ws://localhost:59039/devtoo..., se:cdpVersion: 123.0.6312.59, setWindowRect: true, strictFileInteractability: false, timeouts: {implicit: 0, pageLoad: 300000, script: 30000}, unhandledPromptBehavior: dismiss and notify, webauthn:extension:credBlob: true, webauthn:extension:largeBlob: true, webauthn:extension:minPinLength: true, webauthn:extension:prf: true, webauthn:virtualAuthenticators: true}
Session ID: 746359a493a43fc6df6ffad56a370922
	at java.base/jdk.internal.reflect.NativeConstructorAccessorImpl.newInstance0(Native Method)
	at java.base/jdk.internal.reflect.NativeConstructorAccessorImpl.newInstance(NativeConstructorAccessorImpl.java:77)
	at java.base/jdk.internal.reflect.DelegatingConstructorAccessorImpl.newInstance(DelegatingConstructorAccessorImpl.java:45)
	at java.base/java.lang.reflect.Constructor.newInstanceWithCaller(Constructor.java:499)
	at java.base/java.lang.reflect.Constructor.newInstance(Constructor.java:480)
	at org.openqa.selenium.remote.ErrorCodec.decode(ErrorCodec.java:167)
	at org.openqa.selenium.remote.codec.w3c.W3CHttpResponseCodec.decode(W3CHttpResponseCodec.java:138)
	at org.openqa.selenium.remote.codec.w3c.W3CHttpResponseCodec.decode(W3CHttpResponseCodec.java:50)
	at org.openqa.selenium.remote.HttpCommandExecutor.execute(HttpCommandExecutor.java:190)
	at org.openqa.selenium.remote.service.DriverCommandExecutor.invokeExecute(DriverCommandExecutor.java:216)
	at org.openqa.selenium.remote.service.DriverCommandExecutor.execute(DriverCommandExecutor.java:174)
	at org.openqa.selenium.remote.RemoteWebDriver.execute(RemoteWebDriver.java:519)
	at org.openqa.selenium.remote.ElementLocation$ElementFinder$2.findElement(ElementLocation.java:165)
	at org.openqa.selenium.remote.ElementLocation.findElement(ElementLocation.java:59)
	at org.openqa.selenium.remote.RemoteWebDriver.findElement(RemoteWebDriver.java:356)
	at org.openqa.selenium.remote.RemoteWebDriver.findElement(RemoteWebDriver.java:350)
	at org.openqa.selenium.support.pagefactory.DefaultElementLocator.findElement(DefaultElementLocator.java:68)
	at org.openqa.selenium.support.pagefactory.internal.LocatingElementHandler.invoke(LocatingElementHandler.java:38)
	at jdk.proxy2/jdk.proxy2.$Proxy25.isDisplayed(Unknown Source)
	at org.openqa.selenium.support.ui.ExpectedConditions.elementIfVisible(ExpectedConditions.java:304)
	at org.openqa.selenium.support.ui.ExpectedConditions$10.apply(ExpectedConditions.java:290)
	at org.openqa.selenium.support.ui.ExpectedConditions$10.apply(ExpectedConditions.java:287)
	at org.openqa.selenium.support.ui.FluentWait.until(FluentWait.java:203)
	at pageObject.LoginPage.googleSignIn(LoginPage.java:38)
	at stepDefinition.LoginPageDefinition.signInWithGoogle(LoginPageDefinition.java:30)
	at java.base/jdk.internal.reflect.NativeMethodAccessorImpl.invoke0(Native Method)
	at java.base/jdk.internal.reflect.NativeMethodAccessorImpl.invoke(NativeMethodAccessorImpl.java:77)
	at java.base/jdk.internal.reflect.DelegatingMethodAccessorImpl.invoke(DelegatingMethodAccessorImpl.java:43)
	at java.base/java.lang.reflect.Method.invoke(Method.java:568)
	at io.cucumber.java.Invoker.doInvoke(Invoker.java:66)
	at io.cucumber.java.Invoker.invoke(Invoker.java:24)
	at io.cucumber.java.AbstractGlueDefinition.invokeMethod(AbstractGlueDefinition.java:47)
	at io.cucumber.java.JavaStepDefinition.execute(JavaStepDefinition.java:29)
	at io.cucumber.core.runner.CoreStepDefinition.execute(CoreStepDefinition.java:66)
	at io.cucumber.core.runner.PickleStepDefinitionMatch.runStep(PickleStepDefinitionMatch.java:63)
	at io.cucumber.core.runner.ExecutionMode$1.execute(ExecutionMode.java:10)
	at io.cucumber.core.runner.TestStep.executeStep(TestStep.java:81)
	at io.cucumber.core.runner.TestStep.run(TestStep.java:53)
	at io.cucumber.core.runner.PickleStepTestStep.run(PickleStepTestStep.java:51)
	at io.cucumber.core.runner.TestCase.run(TestCase.java:84)
	at io.cucumber.core.runner.Runner.runPickle(Runner.java:75)
	at io.cucumber.testng.TestNGCucumberRunner.lambda$runScenario$1(TestNGCucumberRunner.java:132)
	at io.cucumber.core.runtime.CucumberExecutionContext.lambda$runTestCase$5(CucumberExecutionContext.java:136)
	at io.cucumber.core.runtime.RethrowingThrowableCollector.executeAndThrow(RethrowingThrowableCollector.java:23)
	at io.cucumber.core.runtime.CucumberExecutionContext.runTestCase(CucumberExecutionContext.java:136)
	at io.cucumber.testng.TestNGCucumberRunner.runScenario(TestNGCucumberRunner.java:129)
	at io.cucumber.testng.AbstractTestNGCucumberTests.runScenario(AbstractTestNGCucumberTests.java:35)
	at java.base/jdk.internal.reflect.NativeMethodAccessorImpl.invoke0(Native Method)
	at java.base/jdk.internal.reflect.NativeMethodAccessorImpl.invoke(NativeMethodAccessorImpl.java:77)
	at java.base/jdk.internal.reflect.DelegatingMethodAccessorImpl.invoke(DelegatingMethodAccessorImpl.java:43)
	at java.base/java.lang.reflect.Method.invoke(Method.java:568)
	at org.testng.internal.invokers.MethodInvocationHelper.invokeMethod(MethodInvocationHelper.java:141)
	at org.testng.internal.invokers.TestInvoker.invokeMethod(TestInvoker.java:686)
	at org.testng.internal.invokers.TestInvoker.invokeTestMethod(TestInvoker.java:230)
	at org.testng.internal.invokers.MethodRunner.runInSequence(MethodRunner.java:63)
	at org.testng.internal.invokers.TestInvoker$MethodInvocationAgent.invoke(TestInvoker.java:992)
	at org.testng.internal.invokers.TestInvoker.invokeTestMethods(TestInvoker.java:203)
	at org.testng.internal.invokers.TestMethodWorker.invokeTestMethods(TestMethodWorker.java:154)
	at org.testng.internal.invokers.TestMethodWorker.run(TestMethodWorker.java:134)
	at java.base/java.util.ArrayList.forEach(ArrayList.java:1511)
	at org.testng.TestRunner.privateRun(TestRunner.java:739)
	at org.testng.TestRunner.run(TestRunner.java:614)
	at org.testng.SuiteRunner.runTest(SuiteRunner.java:421)
	at org.testng.SuiteRunner.runSequentially(SuiteRunner.java:413)
	at org.testng.SuiteRunner.privateRun(SuiteRunner.java:373)
	at org.testng.SuiteRunner.run(SuiteRunner.java:312)
	at org.testng.SuiteRunnerWorker.runSuite(SuiteRunnerWorker.java:52)
	at org.testng.SuiteRunnerWorker.run(SuiteRunnerWorker.java:95)
	at org.testng.TestNG.runSuitesSequentially(TestNG.java:1274)
	at org.testng.TestNG.runSuitesLocally(TestNG.java:1208)
	at org.testng.TestNG.runSuites(TestNG.java:1112)
	at org.testng.TestNG.run(TestNG.java:1079)
	at org.apache.maven.surefire.testng.TestNGExecutor.run(TestNGExecutor.java:284)
	at org.apache.maven.surefire.testng.TestNGXmlTestSuite.execute(TestNGXmlTestSuite.java:75)
	at org.apache.maven.surefire.testng.TestNGProvider.invoke(TestNGProvider.java:119)
	at org.apache.maven.surefire.booter.ForkedBooter.runSuitesInProcess(ForkedBooter.java:428)
	at org.apache.maven.surefire.booter.ForkedBooter.execute(ForkedBooter.java:162)
	at org.apache.maven.surefire.booter.ForkedBooter.run(ForkedBooter.java:562)
	at org.apache.maven.surefire.booter.ForkedBooter.main(ForkedBooter.java:548)
&amp#27;[0m

    Embedding IncorrectLogin [image/png 563877 bytes]

  &amp#27;[36mWhen &amp#27;[0m&amp#27;[36menter invalid email id&amp#27;[0m                   &amp#27;[90m# stepDefinition.LoginPageDefinition.enteringEmailId()&amp#27;[0m
  &amp#27;[36mThen &amp#27;[0m&amp#27;[36mprint could not find your google account&amp#27;[0m &amp#27;[90m# stepDefinition.LoginPageDefinition.printErrorMsg()&amp#27;[0m
]]></system-out>
    <system-err><![CDATA[Jun 18, 2024 12:23:05 PM org.openqa.selenium.devtools.CdpVersionFinder findNearestMatch
WARNING: Unable to find an exact match for CDP version 123, returning the closest version; found: 122; Please update to a Selenium version that supports CDP version 123
]]></system-err>
  </testcase>
</testsuite>