<?xml version="1.0" encoding="UTF-8"?>
<testsuite xmlns:xsi="http://www.w3.org/2001/XMLSchema-instance" xsi:noNamespaceSchemaLocation="https://maven.apache.org/surefire/maven-surefire-plugin/xsd/surefire-test-report-3.0.xsd" version="3.0" name="TestSuite" time="333.361" tests="3" errors="0" skipped="0" failures="1">
  <properties>
[...]
</properties>
  <testcase name="runScenario[&quot;UpcomingBikes&quot;, &quot;91 Wheels&quot;](1)" classname="testRunner.TestRunner" time="101.799">
    <system-out><![CDATA[
Scenario: UpcomingBikes                                            &amp#27;[90m# Feature/IdentifyNewBikes.feature:3&amp#27;[0m
Maybe Later not found
  &amp#27;[32mGiven &amp#27;[0m&amp#27;[32mnavigating to webpage&amp#27;[0m                                      &amp#27;[90m# stepDefinition.UpcomingBikesDefinition.navigatingtowebpage()&amp#27;[0m

    Embedding UpcomingBikes [image/png 1129749 bytes]


  &amp#27;[32mWhen &amp#27;[0m&amp#27;[32mclicking on Upcoming Bikes&amp#27;[0m                                  &amp#27;[90m# stepDefinition.UpcomingBikesDefinition.clicking_on_upcoming_bikes()&amp#27;[0m

    Embedding UpcomingBikes [image/png 39765 bytes]

  &amp#27;[32mAnd &amp#27;[0m&amp#27;[32mselecting Honda in the dropdown&amp#27;[0m                              &amp#27;[90m# stepDefinition.UpcomingBikesDefinition.selectingHonda()&amp#27;[0m

    Embedding UpcomingBikes [image/png 694772 bytes]

1 : Honda CBR150R
Expected Price : ₹ 1.70 Lakh*
Expected Launch Date : July 2024

2 : Honda Rebel 300
Expected Price : ₹ 2.30 Lakh*
Expected Launch Date : July 2024

3 : Honda NX200
Expected Price : ₹ 1.20 Lakh*
Expected Launch Date : August 2024

4 : Honda Hornet
Expected Price : ₹ 2.50 Lakh*
Expected Launch Date : July 2024

5 : Honda XRE 300
Expected Price : ₹ 3.00 Lakh*
Expected Launch Date : July 2024

6 : Honda CBR300R
Expected Price : ₹ 2.00 - ₹ 2.30 Lakh*
Expected Launch Date : August 2024

7 : Honda NT1100
Expected Price : ₹ 1.70 Lakh*
Expected Launch Date : July 2024

8 : Honda CRF300L
Expected Price : ₹ 3.00 Lakh*
Expected Launch Date : July 2024

9 : Honda CB350 Cafe Racer
Expected Price : ₹ 2.20 - ₹ 2.30 Lakh*
Expected Launch Date : July 2024

10 : Honda CRF300 Rally
Expected Price : ₹ 3.50 Lakh*
Expected Launch Date : August 2024

11 : Honda CRF190L
Expected Price : ₹ 1.98 Lakh*
Expected Launch Date : September 2024

===============Used Cars In Chennai================

  &amp#27;[32mThen &amp#27;[0m&amp#27;[32mprinting the upcoming bikes with price less than four lakhs&amp#27;[0m &amp#27;[90m# stepDefinition.UpcomingBikesDefinition.printingUpcomingBikes()&amp#27;[0m

    Embedding UpcomingBikes [image/png 694772 bytes]

]]></system-out>
    <system-err><![CDATA[SLF4J: Failed to load class "org.slf4j.impl.StaticLoggerBinder".
SLF4J: Defaulting to no-operation (NOP) logger implementation
SLF4J: See http://www.slf4j.org/codes.html#StaticLoggerBinder for further details.
]]></system-err>
  </testcase>
  <testcase name="runScenario[&quot;UsedCarsInChennai&quot;, &quot;91 Wheels&quot;](2)" classname="testRunner.TestRunner" time="125.728">
    <failure message="Expected condition failed: waiting for visibility of [[ChromeDriver: chrome on windows (8eca0ecb171f81e78c208f5620c73639)] -&gt; xpath: //li[@id=&apos;submenu_4usedcars&apos;]] (tried for 20 second(s) with 500 milliseconds interval)&#10;Build info: version: &apos;4.18.1&apos;, revision: &apos;b1d3319b48&apos;&#10;System info: os.name: &apos;Windows 11&apos;, os.arch: &apos;amd64&apos;, os.version: &apos;10.0&apos;, java.version: &apos;17.0.2&apos;&#10;Driver info: org.openqa.selenium.chrome.ChromeDriver&#10;Capabilities {acceptInsecureCerts: false, browserName: chrome, browserVersion: 122.0.6261.58, chrome: {chromedriverVersion: 122.0.6261.128 (f18a44fedeb..., userDataDir: C:\Users\2318906\AppData\Lo...}, fedcm:accounts: true, goog:chromeOptions: {debuggerAddress: localhost:64354}, networkConnectionEnabled: false, pageLoadStrategy: normal, platformName: windows, proxy: Proxy(), se:cdp: ws://localhost:64354/devtoo..., se:cdpVersion: 122.0.6261.58, setWindowRect: true, strictFileInteractability: false, timeouts: {implicit: 0, pageLoad: 300000, script: 30000}, unhandledPromptBehavior: dismiss and notify, webauthn:extension:credBlob: true, webauthn:extension:largeBlob: true, webauthn:extension:minPinLength: true, webauthn:extension:prf: true, webauthn:virtualAuthenticators: true}&#10;Session ID: 8eca0ecb171f81e78c208f5620c73639" type="org.openqa.selenium.TimeoutException"><![CDATA[org.openqa.selenium.TimeoutException: 
Expected condition failed: waiting for visibility of [[ChromeDriver: chrome on windows (8eca0ecb171f81e78c208f5620c73639)] -> xpath: //li[@id='submenu_4usedcars']] (tried for 20 second(s) with 500 milliseconds interval)
Build info: version: '4.18.1', revision: 'b1d3319b48'
System info: os.name: 'Windows 11', os.arch: 'amd64', os.version: '10.0', java.version: '17.0.2'
Driver info: org.openqa.selenium.chrome.ChromeDriver
Capabilities {acceptInsecureCerts: false, browserName: chrome, browserVersion: 122.0.6261.58, chrome: {chromedriverVersion: 122.0.6261.128 (f18a44fedeb..., userDataDir: C:\Users\2318906\AppData\Lo...}, fedcm:accounts: true, goog:chromeOptions: {debuggerAddress: localhost:64354}, networkConnectionEnabled: false, pageLoadStrategy: normal, platformName: windows, proxy: Proxy(), se:cdp: ws://localhost:64354/devtoo..., se:cdpVersion: 122.0.6261.58, setWindowRect: true, strictFileInteractability: false, timeouts: {implicit: 0, pageLoad: 300000, script: 30000}, unhandledPromptBehavior: dismiss and notify, webauthn:extension:credBlob: true, webauthn:extension:largeBlob: true, webauthn:extension:minPinLength: true, webauthn:extension:prf: true, webauthn:virtualAuthenticators: true}
Session ID: 8eca0ecb171f81e78c208f5620c73639
]]></failure>
    <system-out><![CDATA[
Scenario: UsedCarsInChennai                  &amp#27;[90m# Feature/IdentifyNewBikes.feature:9&amp#27;[0m
Maybe Later not found
  &amp#27;[32mGiven &amp#27;[0m&amp#27;[32mnavigating to webpage&amp#27;[0m                &amp#27;[90m# stepDefinition.UpcomingBikesDefinition.navigatingtowebpage()&amp#27;[0m

    Embedding UsedCarsInChennai [image/png 1100869 bytes]

  &amp#27;[32mGiven &amp#27;[0m&amp#27;[32mhovering on UsedCars&amp#27;[0m                 &amp#27;[90m# stepDefinition.UsedCarsDefinition.hoveringUsedCars()&amp#27;[0m

    Embedding UsedCarsInChennai [image/png 1100869 bytes]

  &amp#27;[31mAnd &amp#27;[0m&amp#27;[31mclicking used cars in chennai&amp#27;[0m          &amp#27;[90m# stepDefinition.UsedCarsDefinition.clickingUsedcarsChennai()&amp#27;[0m
      &amp#27;[31morg.openqa.selenium.TimeoutException: Expected condition failed: waiting for visibility of [[ChromeDriver: chrome on windows (8eca0ecb171f81e78c208f5620c73639)] -> xpath: //li[@id='submenu_4usedcars']] (tried for 20 second(s) with 500 milliseconds interval)
Build info: version: '4.18.1', revision: 'b1d3319b48'
System info: os.name: 'Windows 11', os.arch: 'amd64', os.version: '10.0', java.version: '17.0.2'
Driver info: org.openqa.selenium.chrome.ChromeDriver
Capabilities {acceptInsecureCerts: false, browserName: chrome, browserVersion: 122.0.6261.58, chrome: {chromedriverVersion: 122.0.6261.128 (f18a44fedeb..., userDataDir: C:\Users\2318906\AppData\Lo...}, fedcm:accounts: true, goog:chromeOptions: {debuggerAddress: localhost:64354}, networkConnectionEnabled: false, pageLoadStrategy: normal, platformName: windows, proxy: Proxy(), se:cdp: ws://localhost:64354/devtoo..., se:cdpVersion: 122.0.6261.58, setWindowRect: true, strictFileInteractability: false, timeouts: {implicit: 0, pageLoad: 300000, script: 30000}, unhandledPromptBehavior: dismiss and notify, webauthn:extension:credBlob: true, webauthn:extension:largeBlob: true, webauthn:extension:minPinLength: true, webauthn:extension:prf: true, webauthn:virtualAuthenticators: true}
Session ID: 8eca0ecb171f81e78c208f5620c73639
	at org.openqa.selenium.support.ui.WebDriverWait.timeoutException(WebDriverWait.java:84)
	at org.openqa.selenium.support.ui.FluentWait.until(FluentWait.java:228)
	at pageObject.UsedCars.clickUsedCarsChennai(UsedCars.java:41)
	at stepDefinition.UsedCarsDefinition.clickingUsedcarsChennai(UsedCarsDefinition.java:27)
	at âœ½.clicking used cars in chennai(file:///C:/Users/2318906/eclipse-workspace/HandsOnJava/HackathonProject/./Feature/IdentifyNewBikes.feature:12)
&amp#27;[0m

    Embedding UsedCarsInChennai [image/png 1100869 bytes]

  &amp#27;[36mWhen &amp#27;[0m&amp#27;[36mclick read more to get popular models&amp#27;[0m &amp#27;[90m# stepDefinition.UsedCarsDefinition.getPopularModels()&amp#27;[0m
  &amp#27;[36mThen &amp#27;[0m&amp#27;[36mprint all the popular models&amp#27;[0m          &amp#27;[90m# stepDefinition.UsedCarsDefinition.printPopularModels()&amp#27;[0m
]]></system-out>
  </testcase>
  <testcase name="runScenario[&quot;IncorrectLogin&quot;, &quot;91 Wheels&quot;](3)" classname="testRunner.TestRunner" time="103.146">
    <system-out><![CDATA[
Scenario: IncorrectLogin                        &amp#27;[90m# Feature/IdentifyNewBikes.feature:16&amp#27;[0m
Maybe Later not found
  &amp#27;[32mGiven &amp#27;[0m&amp#27;[32mnavigating to webpage&amp#27;[0m                   &amp#27;[90m# stepDefinition.UpcomingBikesDefinition.navigatingtowebpage()&amp#27;[0m

    Embedding IncorrectLogin [image/png 1129749 bytes]

  &amp#27;[32mGiven &amp#27;[0m&amp#27;[32mclick login icon&amp#27;[0m                        &amp#27;[90m# stepDefinition.LoginPageDefinition.clickloginBtn()&amp#27;[0m

    Embedding IncorrectLogin [image/png 1149516 bytes]

  &amp#27;[32mAnd &amp#27;[0m&amp#27;[32msign in with google&amp#27;[0m                       &amp#27;[90m# stepDefinition.LoginPageDefinition.signInWithGoogle()&amp#27;[0m

    Embedding IncorrectLogin [image/png 565160 bytes]

  &amp#27;[32mWhen &amp#27;[0m&amp#27;[32menter invalid email id&amp#27;[0m                   &amp#27;[90m# stepDefinition.LoginPageDefinition.enteringEmailId()&amp#27;[0m

    Embedding IncorrectLogin [image/png 59717 bytes]

  &amp#27;[32mThen &amp#27;[0m&amp#27;[32mprint could not find your google account&amp#27;[0m &amp#27;[90m# stepDefinition.LoginPageDefinition.printErrorMsg()&amp#27;[0m

    Embedding IncorrectLogin [image/png 59700 bytes]

]]></system-out>
  </testcase>
</testsuite>