<?xml version="1.0" encoding="UTF-8"?>
<testng-results ignored="0" total="3" passed="3" failed="0" skipped="0">
  <reporter-output>
  </reporter-output>
  <suite started-at="2024-06-21T10:01:51 IST" name="Suite" finished-at="2024-06-21T10:03:06 IST" duration-ms="74955">
    <groups>
      <group name="cucumber">
        <method signature="AbstractTestNGCucumberTests.runScenario(io.cucumber.testng.PickleWrapper,io.cucumber.testng.FeatureWrapper)[pri:0, instance:testRunner.TestRunner@7ef27d7f]" name="runScenario" class="io.cucumber.testng.AbstractTestNGCucumberTests"/>
      </group> <!-- cucumber -->
    </groups>
    <test started-at="2024-06-21T10:01:51 IST" name="Test" finished-at="2024-06-21T10:03:06 IST" duration-ms="74955">
      <class name="testRunner.TestRunner">
        <test-method is-config="true" signature="setUpClass(org.testng.ITestContext)[pri:0, instance:testRunner.TestRunner@7ef27d7f]" started-at="2024-06-21T10:01:51 IST" name="setUpClass" finished-at="2024-06-21T10:01:54 IST" duration-ms="2703" status="PASS">
          <params>
            <param index="0">
              <value>
                <![CDATA[org.testng.TestRunner@2a79da3a]]>
              </value>
            </param>
          </params>
          <reporter-output>
          </reporter-output>
        </test-method> <!-- setUpClass -->
        <test-method signature="runScenario(io.cucumber.testng.PickleWrapper,io.cucumber.testng.FeatureWrapper)[pri:0, instance:testRunner.TestRunner@7ef27d7f]" started-at="2024-06-21T10:01:54 IST" name="runScenario" description="Runs Cucumber Scenarios" data-provider="scenarios" finished-at="2024-06-21T10:02:26 IST" duration-ms="32359" status="PASS">
          <params>
            <param index="0">
              <value>
                <![CDATA["UpcomingBikes"]]>
              </value>
            </param>
            <param index="1">
              <value>
                <![CDATA["91 Wheels"]]>
              </value>
            </param>
          </params>
          <reporter-output>
          </reporter-output>
        </test-method> <!-- runScenario -->
        <test-method signature="runScenario(io.cucumber.testng.PickleWrapper,io.cucumber.testng.FeatureWrapper)[pri:0, instance:testRunner.TestRunner@7ef27d7f]" started-at="2024-06-21T10:02:26 IST" name="runScenario" description="Runs Cucumber Scenarios" data-provider="scenarios" finished-at="2024-06-21T10:02:41 IST" duration-ms="14823" status="PASS">
          <params>
            <param index="0">
              <value>
                <![CDATA["UsedCarsInChennai"]]>
              </value>
            </param>
            <param index="1">
              <value>
                <![CDATA["91 Wheels"]]>
              </value>
            </param>
          </params>
          <reporter-output>
          </reporter-output>
        </test-method> <!-- runScenario -->
        <test-method signature="runScenario(io.cucumber.testng.PickleWrapper,io.cucumber.testng.FeatureWrapper)[pri:0, instance:testRunner.TestRunner@7ef27d7f]" started-at="2024-06-21T10:02:41 IST" name="runScenario" description="Runs Cucumber Scenarios" data-provider="scenarios" finished-at="2024-06-21T10:03:02 IST" duration-ms="21269" status="PASS">
          <params>
            <param index="0">
              <value>
                <![CDATA["IncorrectLogin"]]>
              </value>
            </param>
            <param index="1">
              <value>
                <![CDATA["91 Wheels"]]>
              </value>
            </param>
          </params>
          <reporter-output>
          </reporter-output>
        </test-method> <!-- runScenario -->
        <test-method is-config="true" signature="tearDownClass()[pri:0, instance:testRunner.TestRunner@7ef27d7f]" started-at="2024-06-21T10:03:02 IST" name="tearDownClass" finished-at="2024-06-21T10:03:06 IST" duration-ms="3654" status="PASS">
          <reporter-output>
          </reporter-output>
        </test-method> <!-- tearDownClass -->
      </class> <!-- testRunner.TestRunner -->
    </test> <!-- Test -->
  </suite> <!-- Suite -->
</testng-results>
