<?xml version="1.0" encoding="UTF-8"?>
<testng-results ignored="0" total="3" passed="3" failed="0" skipped="0">
  <reporter-output>
  </reporter-output>
  <suite started-at="2024-06-18T11:12:35 IST" name="Suite" finished-at="2024-06-18T11:13:57 IST" duration-ms="82160">
    <groups>
      <group name="cucumber">
        <method signature="AbstractTestNGCucumberTests.runScenario(io.cucumber.testng.PickleWrapper,io.cucumber.testng.FeatureWrapper)[pri:0, instance:testRunner.TestRunner@7ef27d7f]" name="runScenario" class="io.cucumber.testng.AbstractTestNGCucumberTests"/>
      </group> <!-- cucumber -->
    </groups>
    <test started-at="2024-06-18T11:12:35 IST" name="Test" finished-at="2024-06-18T11:13:57 IST" duration-ms="82160">
      <class name="testRunner.TestRunner">
        <test-method is-config="true" signature="setUpClass(org.testng.ITestContext)[pri:0, instance:testRunner.TestRunner@7ef27d7f]" started-at="2024-06-18T11:12:35 IST" name="setUpClass" finished-at="2024-06-18T11:12:37 IST" duration-ms="1894" status="PASS">
          <params>
            <param index="0">
              <value>
                <![CDATA[org.testng.TestRunner@6fad5ace]]>
              </value>
            </param>
          </params>
          <reporter-output>
          </reporter-output>
        </test-method> <!-- setUpClass -->
        <test-method signature="runScenario(io.cucumber.testng.PickleWrapper,io.cucumber.testng.FeatureWrapper)[pri:0, instance:testRunner.TestRunner@7ef27d7f]" started-at="2024-06-18T11:12:37 IST" name="runScenario" description="Runs Cucumber Scenarios" data-provider="scenarios" finished-at="2024-06-18T11:13:14 IST" duration-ms="36524" status="PASS">
          <params>
            <param index="0">
              <value>
                <![CDATA["UpcomingBikes"]]>
              </value>
            </param>
            <param index="1">
              <value>
                <![CDATA["91 Wheels"]]>
              </value>
            </param>
          </params>
          <reporter-output>
          </reporter-output>
        </test-method> <!-- runScenario -->
        <test-method signature="runScenario(io.cucumber.testng.PickleWrapper,io.cucumber.testng.FeatureWrapper)[pri:0, instance:testRunner.TestRunner@7ef27d7f]" started-at="2024-06-18T11:13:14 IST" name="runScenario" description="Runs Cucumber Scenarios" data-provider="scenarios" finished-at="2024-06-18T11:13:31 IST" duration-ms="17365" status="PASS">
          <params>
            <param index="0">
              <value>
                <![CDATA["UsedCarsInChennai"]]>
              </value>
            </param>
            <param index="1">
              <value>
                <![CDATA["91 Wheels"]]>
              </value>
            </param>
          </params>
          <reporter-output>
          </reporter-output>
        </test-method> <!-- runScenario -->
        <test-method signature="runScenario(io.cucumber.testng.PickleWrapper,io.cucumber.testng.FeatureWrapper)[pri:0, instance:testRunner.TestRunner@7ef27d7f]" started-at="2024-06-18T11:13:31 IST" name="runScenario" description="Runs Cucumber Scenarios" data-provider="scenarios" finished-at="2024-06-18T11:13:57 IST" duration-ms="25516" status="PASS">
          <params>
            <param index="0">
              <value>
                <![CDATA["IncorrectLogin"]]>
              </value>
            </param>
            <param index="1">
              <value>
                <![CDATA["91 Wheels"]]>
              </value>
            </param>
          </params>
          <reporter-output>
          </reporter-output>
        </test-method> <!-- runScenario -->
        <test-method is-config="true" signature="tearDownClass()[pri:0, instance:testRunner.TestRunner@7ef27d7f]" started-at="2024-06-18T11:13:57 IST" name="tearDownClass" finished-at="2024-06-18T11:13:57 IST" duration-ms="694" status="PASS">
          <reporter-output>
          </reporter-output>
        </test-method> <!-- tearDownClass -->
      </class> <!-- testRunner.TestRunner -->
    </test> <!-- Test -->
  </suite> <!-- Suite -->
</testng-results>
