<?xml version="1.0" encoding="UTF-8"?>
<!-- Generated by org.testng.reporters.JUnitReportReporter -->
<testsuite hostname="LTIN514045" failures="0" tests="3" name="testRunner.TestRunner" time="330.629" errors="1" timestamp="2024-06-17T16:38:33 IST" skipped="0">
  <testcase classname="testRunner.TestRunner" name="runScenario" time="125.781">
    <error message="Expected condition failed: waiting for visibility of [[ChromeDriver: chrome on windows (8eca0ecb171f81e78c208f5620c73639)] -&gt; xpath: //li[@id=&#039;submenu_4usedcars&#039;]] (tried for 20 second(s) with 500 milliseconds interval)
Build info: version: &#039;4.18.1&#039;, revision: &#039;b1d3319b48&#039;
System info: os.name: &#039;Windows 11&#039;, os.arch: &#039;amd64&#039;, os.version: &#039;10.0&#039;, java.version: &#039;17.0.2&#039;
Driver info: org.openqa.selenium.chrome.ChromeDriver
Capabilities {acceptInsecureCerts: false, browserName: chrome, browserVersion: 122.0.6261.58, chrome: {chromedriverVersion: 122.0.6261.128 (f18a44fedeb..., userDataDir: C:\Users\2318906\AppData\Lo...}, fedcm:accounts: true, goog:chromeOptions: {debuggerAddress: localhost:64354}, networkConnectionEnabled: false, pageLoadStrategy: normal, platformName: windows, proxy: Proxy(), se:cdp: ws://localhost:64354/devtoo..., se:cdpVersion: 122.0.6261.58, setWindowRect: true, strictFileInteractability: false, timeouts: {implicit: 0, pageLoad: 300000, script: 30000}, unhandledPromptBehavior: dismiss and notify, webauthn:extension:credBlob: true, webauthn:extension:largeBlob: true, webauthn:extension:minPinLength: true, webauthn:extension:prf: true, webauthn:virtualAuthenticators: true}
Session ID: 8eca0ecb171f81e78c208f5620c73639" type="org.openqa.selenium.TimeoutException">
      <![CDATA[org.openqa.selenium.TimeoutException: Expected condition failed: waiting for visibility of [[ChromeDriver: chrome on windows (8eca0ecb171f81e78c208f5620c73639)] -> xpath: //li[@id='submenu_4usedcars']] (tried for 20 second(s) with 500 milliseconds interval)
Build info: version: '4.18.1', revision: 'b1d3319b48'
System info: os.name: 'Windows 11', os.arch: 'amd64', os.version: '10.0', java.version: '17.0.2'
Driver info: org.openqa.selenium.chrome.ChromeDriver
Capabilities {acceptInsecureCerts: false, browserName: chrome, browserVersion: 122.0.6261.58, chrome: {chromedriverVersion: 122.0.6261.128 (f18a44fedeb..., userDataDir: C:\Users\2318906\AppData\Lo...}, fedcm:accounts: true, goog:chromeOptions: {debuggerAddress: localhost:64354}, networkConnectionEnabled: false, pageLoadStrategy: normal, platformName: windows, proxy: Proxy(), se:cdp: ws://localhost:64354/devtoo..., se:cdpVersion: 122.0.6261.58, setWindowRect: true, strictFileInteractability: false, timeouts: {implicit: 0, pageLoad: 300000, script: 30000}, unhandledPromptBehavior: dismiss and notify, webauthn:extension:credBlob: true, webauthn:extension:largeBlob: true, webauthn:extension:minPinLength: true, webauthn:extension:prf: true, webauthn:virtualAuthenticators: true}
Session ID: 8eca0ecb171f81e78c208f5620c73639
at org.openqa.selenium.support.ui.WebDriverWait.timeoutException(WebDriverWait.java:84)
at org.openqa.selenium.support.ui.FluentWait.until(FluentWait.java:228)
at pageObject.UsedCars.clickUsedCarsChennai(UsedCars.java:41)
at stepDefinition.UsedCarsDefinition.clickingUsedcarsChennai(UsedCarsDefinition.java:27)
at ✽.clicking used cars in chennai(file:///C:/Users/2318906/eclipse-workspace/HandsOnJava/HackathonProject/./Feature/IdentifyNewBikes.feature:12)
]]>
    </error>
  </testcase> <!-- runScenario -->
  <testcase classname="testRunner.TestRunner" name="runScenario" time="101.726"/>
  <testcase classname="testRunner.TestRunner" name="runScenario" time="103.122"/>
</testsuite> <!-- testRunner.TestRunner -->
